<?xml version="1.0" encoding="UTF-8"?>
<testsuite name="kind.table.TableTest" tests="11" skipped="0" failures="0" errors="0" timestamp="2021-01-09T11:15:40" hostname="Michaels-MacBook-Pro-2.local" time="0.014">
  <properties/>
  <testcase name="test_get_withBadIndex" classname="kind.table.TableTest" time="0.001"/>
  <testcase name="test_addColumn_withNonEmptyTable" classname="kind.table.TableTest" time="0.005"/>
  <testcase name="test_addColumnWithDuplicateName" classname="kind.table.TableTest" time="0.0"/>
  <testcase name="test_copy" classname="kind.table.TableTest" time="0.005"/>
  <testcase name="test_emptyTableHasNoColumnsOrRows" classname="kind.table.TableTest" time="0.0"/>
  <testcase name="test_addColumn" classname="kind.table.TableTest" time="0.0"/>
  <testcase name="test_getValues_withBadIndex" classname="kind.table.TableTest" time="0.0"/>
  <testcase name="test_isEmpty" classname="kind.table.TableTest" time="0.0"/>
  <testcase name="test_getValues" classname="kind.table.TableTest" time="0.0"/>
  <testcase name="test_getFirstRow" classname="kind.table.TableTest" time="0.0"/>
  <testcase name="test_addRows" classname="kind.table.TableTest" time="0.0"/>
  <system-out><![CDATA[]]></system-out>
  <system-err><![CDATA[]]></system-err>
</testsuite>
